2025-03-13T21:30:14.717-03:00  INFO 856 --- [board] [           main] liquibase.changelog                      : Reading resource: db/changelog/migrations/db.changelog-20250312.sql
2025-03-13T21:30:14.876-03:00  INFO 856 --- [board] [           main] liquibase.changelog                      : Reading from board.databasechangelog
2025-03-13T21:30:14.878-03:00  INFO 856 --- [board] [           main] liquibase.changelog                      : Reading resource: db/changelog/migrations/db.changelog-202503122.sql
2025-03-13T21:30:14.881-03:00  INFO 856 --- [board] [           main] liquibase.changelog                      : Reading resource: db/changelog/migrations/db.changelog-202503123.sql
2025-03-13T21:30:14.883-03:00  INFO 856 --- [board] [           main] liquibase.changelog                      : Reading resource: db/changelog/migrations/db.changelog-202503124.sql
2025-03-13T21:30:14.940-03:00  INFO 856 --- [board] [           main] liquibase.lockservice                    : Successfully acquired change log lock
2025-03-13T21:30:14.941-03:00  INFO 856 --- [board] [           main] liquibase.command                        : Using deploymentId: 1912214477
2025-03-13T21:30:14.944-03:00  INFO 856 --- [board] [           main] liquibase.changelog                      : Reading from board.databasechangelog
Running Changeset: db/changelog/migrations/db.changelog-202503122.sql::202503122004::paulo
2025-03-13T21:30:15.012-03:00  INFO 856 --- [board] [           main] liquibase.changelog                      : Custom SQL executed
2025-03-13T21:30:15.013-03:00  INFO 856 --- [board] [           main] liquibase.changelog                      : ChangeSet db/changelog/migrations/db.changelog-202503122.sql::202503122004::paulo ran successfully in 47ms
Running Changeset: db/changelog/migrations/db.changelog-202503123.sql::202503122004::paulo
2025-03-13T21:30:15.054-03:00  INFO 856 --- [board] [           main] liquibase.changelog                      : Custom SQL executed
2025-03-13T21:30:15.055-03:00  INFO 856 --- [board] [           main] liquibase.changelog                      : ChangeSet db/changelog/migrations/db.changelog-202503123.sql::202503122004::paulo ran successfully in 33ms
Running Changeset: db/changelog/migrations/db.changelog-202503124.sql::202503122004::paulo
2025-03-13T21:30:15.087-03:00  INFO 856 --- [board] [           main] liquibase.changelog                      : Custom SQL executed
2025-03-13T21:30:15.088-03:00  INFO 856 --- [board] [           main] liquibase.changelog                      : ChangeSet db/changelog/migrations/db.changelog-202503124.sql::202503122004::paulo ran successfully in 28ms

UPDATE SUMMARY
Run:                          3
Previously run:               1
Filtered out:                 0
-------------------------------
Total change sets:            4

2025-03-13T21:30:15.097-03:00  INFO 856 --- [board] [           main] liquibase.util                           : UPDATE SUMMARY
2025-03-13T21:30:15.097-03:00  INFO 856 --- [board] [           main] liquibase.util                           : Run:                          3
2025-03-13T21:30:15.098-03:00  INFO 856 --- [board] [           main] liquibase.util                           : Previously run:               1
2025-03-13T21:30:15.098-03:00  INFO 856 --- [board] [           main] liquibase.util                           : Filtered out:                 0
2025-03-13T21:30:15.098-03:00  INFO 856 --- [board] [           main] liquibase.util                           : -------------------------------
2025-03-13T21:30:15.098-03:00  INFO 856 --- [board] [           main] liquibase.util                           : Total change sets:            4
2025-03-13T21:30:15.099-03:00  INFO 856 --- [board] [           main] liquibase.util                           : Update summary generated
2025-03-13T21:30:15.101-03:00  INFO 856 --- [board] [           main] liquibase.command                        : Update command completed successfully.
Liquibase: Update has been successful. Rows affected: 3
2025-03-13T21:30:15.105-03:00  INFO 856 --- [board] [           main] liquibase.lockservice                    : Successfully released change log lock
2025-03-13T21:30:15.107-03:00  INFO 856 --- [board] [           main] liquibase.command                        : Command execution complete
